# JRE version: OpenJDK Runtime Environment (8.0_242-b08) (build 1.8.0_242-b08)
# Java VM: OpenJDK 64-Bit Server VM (25.242-b08 mixed mode bsd-amd64 compressed oops)
Heap:
 PSYoungGen      total 407040K, used 263512K [0x000000066ab00000, 0x0000000690900000, 0x00000007c0000000)
  eden space 363520K, 72% used [0x000000066ab00000,0x000000067ac561a0,0x0000000680e00000)
  from space 43520K, 0% used [0x0000000680e00000,0x0000000680e00000,0x0000000683880000)
  to   space 62464K, 0% used [0x000000068cc00000,0x000000068cc00000,0x0000000690900000)
 ParOldGen       total 893952K, used 51373K [0x00000003c0000000, 0x00000003f6900000, 0x000000066ab00000)
  object space 893952K, 5% used [0x00000003c0000000,0x00000003c322b4b0,0x00000003f6900000)
 Metaspace       used 75432K, capacity 77267K, committed 77696K, reserved 1116160K
  class space    used 10918K, capacity 11327K, committed 11392K, reserved 1048576K
GC Heap History (10 events):
Event: 3.295 GC heap before
{Heap before GC invocations=4 (full 1):
 PSYoungGen      total 305664K, used 87552K [0x000000066ab00000, 0x0000000690000000, 0x00000007c0000000)
  eden space 262144K, 33% used [0x000000066ab00000,0x0000000670080170,0x000000067ab00000)
  from space 43520K, 0% used [0x000000067d580000,0x000000067d580000,0x0000000680000000)
  to   space 43520K, 0% used [0x000000067ab00000,0x000000067ab00000,0x000000067d580000)
 ParOldGen       total 389120K, used 5833K [0x00000003c0000000, 0x00000003d7c00000, 0x000000066ab00000)
  object space 389120K, 1% used [0x00000003c0000000,0x00000003c05b2768,0x00000003d7c00000)
 Metaspace       used 34397K, capacity 35242K, committed 35496K, reserved 1081344K
  class space    used 4218K, capacity 4551K, committed 4608K, reserved 1048576K
Event: 3.298 GC heap after
Heap after GC invocations=4 (full 1):
 PSYoungGen      total 305664K, used 9151K [0x000000066ab00000, 0x0000000687580000, 0x00000007c0000000)
  eden space 262144K, 0% used [0x000000066ab00000,0x000000066ab00000,0x000000067ab00000)
  from space 43520K, 21% used [0x000000067ab00000,0x000000067b3effa0,0x000000067d580000)
  to   space 43520K, 0% used [0x0000000684b00000,0x0000000684b00000,0x0000000687580000)
 ParOldGen       total 389120K, used 5841K [0x00000003c0000000, 0x00000003d7c00000, 0x000000066ab00000)
  object space 389120K, 1% used [0x00000003c0000000,0x00000003c05b4768,0x00000003d7c00000)
 Metaspace       used 34397K, capacity 35242K, committed 35496K, reserved 1081344K
  class space    used 4218K, capacity 4551K, committed 4608K, reserved 1048576K
}
Event: 3.298 GC heap before
{Heap before GC invocations=5 (full 2):
 PSYoungGen      total 305664K, used 9151K [0x000000066ab00000, 0x0000000687580000, 0x00000007c0000000)
  eden space 262144K, 0% used [0x000000066ab00000,0x000000066ab00000,0x000000067ab00000)
  from space 43520K, 21% used [0x000000067ab00000,0x000000067b3effa0,0x000000067d580000)
  to   space 43520K, 0% used [0x0000000684b00000,0x0000000684b00000,0x0000000687580000)
 ParOldGen       total 389120K, used 5841K [0x00000003c0000000, 0x00000003d7c00000, 0x000000066ab00000)
  object space 389120K, 1% used [0x00000003c0000000,0x00000003c05b4768,0x00000003d7c00000)
 Metaspace       used 34397K, capacity 35242K, committed 35496K, reserved 1081344K
  class space    used 4218K, capacity 4551K, committed 4608K, reserved 1048576K
Event: 3.323 GC heap after
Heap after GC invocations=5 (full 2):
 PSYoungGen      total 305664K, used 0K [0x000000066ab00000, 0x0000000687580000, 0x00000007c0000000)
  eden space 262144K, 0% used [0x000000066ab00000,0x000000066ab00000,0x000000067ab00000)
  from space 43520K, 0% used [0x000000067ab00000,0x000000067ab00000,0x000000067d580000)
  to   space 43520K, 0% used [0x0000000684b00000,0x0000000684b00000,0x0000000687580000)
 ParOldGen       total 612352K, used 13690K [0x00000003c0000000, 0x00000003e5600000, 0x000000066ab00000)
  object space 612352K, 2% used [0x00000003c0000000,0x00000003c0d5e990,0x00000003e5600000)
 Metaspace       used 34397K, capacity 35242K, committed 35496K, reserved 1081344K
  class space    used 4218K, capacity 4551K, committed 4608K, reserved 1048576K
}
Event: 10.148 GC heap before
{Heap before GC invocations=6 (full 2):
 PSYoungGen      total 305664K, used 262144K [0x000000066ab00000, 0x0000000687580000, 0x00000007c0000000)
  eden space 262144K, 100% used [0x000000066ab00000,0x000000067ab00000,0x000000067ab00000)
  from space 43520K, 0% used [0x000000067ab00000,0x000000067ab00000,0x000000067d580000)
  to   space 43520K, 0% used [0x0000000684b00000,0x0000000684b00000,0x0000000687580000)
 ParOldGen       total 612352K, used 13690K [0x00000003c0000000, 0x00000003e5600000, 0x000000066ab00000)
  object space 612352K, 2% used [0x00000003c0000000,0x00000003c0d5e990,0x00000003e5600000)
 Metaspace       used 42002K, capacity 43037K, committed 43264K, reserved 1087488K
  class space    used 5204K, capacity 5567K, committed 5632K, reserved 1048576K
Event: 10.157 GC heap after
Heap after GC invocations=6 (full 2):
 PSYoungGen      total 386048K, used 24292K [0x000000066ab00000, 0x0000000686300000, 0x00000007c0000000)
  eden space 361472K, 0% used [0x000000066ab00000,0x000000066ab00000,0x0000000680c00000)
  from space 24576K, 98% used [0x0000000684b00000,0x00000006862b92c8,0x0000000686300000)
  to   space 43520K, 0% used [0x0000000680e00000,0x0000000680e00000,0x0000000683880000)
 ParOldGen       total 612352K, used 13698K [0x00000003c0000000, 0x00000003e5600000, 0x000000066ab00000)
  object space 612352K, 2% used [0x00000003c0000000,0x00000003c0d60990,0x00000003e5600000)
 Metaspace       used 42002K, capacity 43037K, committed 43264K, reserved 1087488K
  class space    used 5204K, capacity 5567K, committed 5632K, reserved 1048576K
}
Event: 13.548 GC heap before
{Heap before GC invocations=7 (full 2):
 PSYoungGen      total 386048K, used 377153K [0x000000066ab00000, 0x0000000686300000, 0x00000007c0000000)
  eden space 361472K, 97% used [0x000000066ab00000,0x00000006803974e8,0x0000000680c00000)
  from space 24576K, 98% used [0x0000000684b00000,0x00000006862b92c8,0x0000000686300000)
  to   space 43520K, 0% used [0x0000000680e00000,0x0000000680e00000,0x0000000683880000)
 ParOldGen       total 612352K, used 13698K [0x00000003c0000000, 0x00000003e5600000, 0x000000066ab00000)
  object space 612352K, 2% used [0x00000003c0000000,0x00000003c0d60990,0x00000003e5600000)
 Metaspace       used 57634K, capacity 58671K, committed 59160K, reserved 1101824K
  class space    used 6662K, capacity 7025K, committed 7040K, reserved 1048576K
Event: 13.572 GC heap after
Heap after GC invocations=7 (full 2):
 PSYoungGen      total 407040K, used 43503K [0x000000066ab00000, 0x0000000690900000, 0x00000007c0000000)
  eden space 363520K, 0% used [0x000000066ab00000,0x000000066ab00000,0x0000000680e00000)
  from space 43520K, 99% used [0x0000000680e00000,0x000000068387be00,0x0000000683880000)
  to   space 62464K, 0% used [0x000000068cc00000,0x000000068cc00000,0x0000000690900000)
 ParOldGen       total 612352K, used 41559K [0x00000003c0000000, 0x00000003e5600000, 0x000000066ab00000)
  object space 612352K, 6% used [0x00000003c0000000,0x00000003c2895e00,0x00000003e5600000)
 Metaspace       used 57634K, capacity 58671K, committed 59160K, reserved 1101824K
  class space    used 6662K, capacity 7025K, committed 7040K, reserved 1048576K
}
Event: 13.572 GC heap before
{Heap before GC invocations=8 (full 3):
 PSYoungGen      total 407040K, used 43503K [0x000000066ab00000, 0x0000000690900000, 0x00000007c0000000)
  eden space 363520K, 0% used [0x000000066ab00000,0x000000066ab00000,0x0000000680e00000)
  from space 43520K, 99% used [0x0000000680e00000,0x000000068387be00,0x0000000683880000)
  to   space 62464K, 0% used [0x000000068cc00000,0x000000068cc00000,0x0000000690900000)
 ParOldGen       total 612352K, used 41559K [0x00000003c0000000, 0x00000003e5600000, 0x000000066ab00000)
  object space 612352K, 6% used [0x00000003c0000000,0x00000003c2895e00,0x00000003e5600000)
 Metaspace       used 57634K, capacity 58671K, committed 59160K, reserved 1101824K
  class space    used 6662K, capacity 7025K, committed 7040K, reserved 1048576K
Event: 13.704 GC heap after
Heap after GC invocations=8 (full 3):
 PSYoungGen      total 407040K, used 0K [0x000000066ab00000, 0x0000000690900000, 0x00000007c0000000)
  eden space 363520K, 0% used [0x000000066ab00000,0x000000066ab00000,0x0000000680e00000)
  from space 43520K, 0% used [0x0000000680e00000,0x0000000680e00000,0x0000000683880000)
  to   space 62464K, 0% used [0x000000068cc00000,0x000000068cc00000,0x0000000690900000)
 ParOldGen       total 893952K, used 51373K [0x00000003c0000000, 0x00000003f6900000, 0x000000066ab00000)
  object space 893952K, 5% used [0x00000003c0000000,0x00000003c322b4b0,0x00000003f6900000)
 Metaspace       used 57634K, capacity 58671K, committed 59160K, reserved 1101824K
  class space    used 6662K, capacity 7025K, committed 7040K, reserved 1048576K
}

