# JRE version: OpenJDK Runtime Environment (8.0_242-b08) (build 1.8.0_242-b08)
# Java VM: OpenJDK 64-Bit Server VM (25.242-b08 mixed mode bsd-amd64 compressed oops)
Heap:
 PSYoungGen      total 425984K, used 263410K [0x000000066ab00000, 0x0000000693700000, 0x00000007c0000000)
  eden space 382464K, 68% used [0x000000066ab00000,0x000000067ac3c910,0x0000000682080000)
  from space 43520K, 0% used [0x0000000682080000,0x0000000682080000,0x0000000684b00000)
  to   space 61440K, 0% used [0x000000068fb00000,0x000000068fb00000,0x0000000693700000)
 ParOldGen       total 803328K, used 51164K [0x00000003c0000000, 0x00000003f1080000, 0x000000066ab00000)
  object space 803328K, 6% used [0x00000003c0000000,0x00000003c31f71a0,0x00000003f1080000)
 Metaspace       used 75420K, capacity 77263K, committed 77696K, reserved 1116160K
  class space    used 10919K, capacity 11327K, committed 11392K, reserved 1048576K
GC Heap History (10 events):
Event: 3.799 GC heap before
{Heap before GC invocations=4 (full 1):
 PSYoungGen      total 305664K, used 93668K [0x000000066ab00000, 0x0000000690000000, 0x00000007c0000000)
  eden space 262144K, 35% used [0x000000066ab00000,0x0000000670679198,0x000000067ab00000)
  from space 43520K, 0% used [0x000000067d580000,0x000000067d580000,0x0000000680000000)
  to   space 43520K, 0% used [0x000000067ab00000,0x000000067ab00000,0x000000067d580000)
 ParOldGen       total 369152K, used 5833K [0x00000003c0000000, 0x00000003d6880000, 0x000000066ab00000)
  object space 369152K, 1% used [0x00000003c0000000,0x00000003c05b2778,0x00000003d6880000)
 Metaspace       used 34401K, capacity 35238K, committed 35496K, reserved 1081344K
  class space    used 4221K, capacity 4551K, committed 4608K, reserved 1048576K
Event: 3.803 GC heap after
Heap after GC invocations=4 (full 1):
 PSYoungGen      total 305664K, used 9145K [0x000000066ab00000, 0x0000000688900000, 0x00000007c0000000)
  eden space 262144K, 0% used [0x000000066ab00000,0x000000066ab00000,0x000000067ab00000)
  from space 43520K, 21% used [0x000000067ab00000,0x000000067b3ee408,0x000000067d580000)
  to   space 43520K, 0% used [0x0000000685e80000,0x0000000685e80000,0x0000000688900000)
 ParOldGen       total 369152K, used 5841K [0x00000003c0000000, 0x00000003d6880000, 0x000000066ab00000)
  object space 369152K, 1% used [0x00000003c0000000,0x00000003c05b4778,0x00000003d6880000)
 Metaspace       used 34401K, capacity 35238K, committed 35496K, reserved 1081344K
  class space    used 4221K, capacity 4551K, committed 4608K, reserved 1048576K
}
Event: 3.803 GC heap before
{Heap before GC invocations=5 (full 2):
 PSYoungGen      total 305664K, used 9145K [0x000000066ab00000, 0x0000000688900000, 0x00000007c0000000)
  eden space 262144K, 0% used [0x000000066ab00000,0x000000066ab00000,0x000000067ab00000)
  from space 43520K, 21% used [0x000000067ab00000,0x000000067b3ee408,0x000000067d580000)
  to   space 43520K, 0% used [0x0000000685e80000,0x0000000685e80000,0x0000000688900000)
 ParOldGen       total 369152K, used 5841K [0x00000003c0000000, 0x00000003d6880000, 0x000000066ab00000)
  object space 369152K, 1% used [0x00000003c0000000,0x00000003c05b4778,0x00000003d6880000)
 Metaspace       used 34401K, capacity 35238K, committed 35496K, reserved 1081344K
  class space    used 4221K, capacity 4551K, committed 4608K, reserved 1048576K
Event: 3.829 GC heap after
Heap after GC invocations=5 (full 2):
 PSYoungGen      total 305664K, used 0K [0x000000066ab00000, 0x0000000688900000, 0x00000007c0000000)
  eden space 262144K, 0% used [0x000000066ab00000,0x000000066ab00000,0x000000067ab00000)
  from space 43520K, 0% used [0x000000067ab00000,0x000000067ab00000,0x000000067d580000)
  to   space 43520K, 0% used [0x0000000685e80000,0x0000000685e80000,0x0000000688900000)
 ParOldGen       total 556032K, used 13684K [0x00000003c0000000, 0x00000003e1f00000, 0x000000066ab00000)
  object space 556032K, 2% used [0x00000003c0000000,0x00000003c0d5d160,0x00000003e1f00000)
 Metaspace       used 34401K, capacity 35238K, committed 35496K, reserved 1081344K
  class space    used 4221K, capacity 4551K, committed 4608K, reserved 1048576K
}
Event: 9.145 GC heap before
{Heap before GC invocations=6 (full 2):
 PSYoungGen      total 305664K, used 262144K [0x000000066ab00000, 0x0000000688900000, 0x00000007c0000000)
  eden space 262144K, 100% used [0x000000066ab00000,0x000000067ab00000,0x000000067ab00000)
  from space 43520K, 0% used [0x000000067ab00000,0x000000067ab00000,0x000000067d580000)
  to   space 43520K, 0% used [0x0000000685e80000,0x0000000685e80000,0x0000000688900000)
 ParOldGen       total 556032K, used 13684K [0x00000003c0000000, 0x00000003e1f00000, 0x000000066ab00000)
  object space 556032K, 2% used [0x00000003c0000000,0x00000003c0d5d160,0x00000003e1f00000)
 Metaspace       used 42017K, capacity 42969K, committed 43264K, reserved 1087488K
  class space    used 5208K, capacity 5567K, committed 5632K, reserved 1048576K
Event: 9.154 GC heap after
Heap after GC invocations=6 (full 2):
 PSYoungGen      total 402944K, used 23348K [0x000000066ab00000, 0x0000000687580000, 0x00000007c0000000)
  eden space 379392K, 0% used [0x000000066ab00000,0x000000066ab00000,0x0000000681d80000)
  from space 23552K, 99% used [0x0000000685e80000,0x000000068754d060,0x0000000687580000)
  to   space 43520K, 0% used [0x0000000682080000,0x0000000682080000,0x0000000684b00000)
 ParOldGen       total 556032K, used 13692K [0x00000003c0000000, 0x00000003e1f00000, 0x000000066ab00000)
  object space 556032K, 2% used [0x00000003c0000000,0x00000003c0d5f160,0x00000003e1f00000)
 Metaspace       used 42017K, capacity 42969K, committed 43264K, reserved 1087488K
  class space    used 5208K, capacity 5567K, committed 5632K, reserved 1048576K
}
Event: 12.170 GC heap before
{Heap before GC invocations=7 (full 2):
 PSYoungGen      total 402944K, used 371956K [0x000000066ab00000, 0x0000000687580000, 0x00000007c0000000)
  eden space 379392K, 91% used [0x000000066ab00000,0x000000067ff70108,0x0000000681d80000)
  from space 23552K, 99% used [0x0000000685e80000,0x000000068754d060,0x0000000687580000)
  to   space 43520K, 0% used [0x0000000682080000,0x0000000682080000,0x0000000684b00000)
 ParOldGen       total 556032K, used 13692K [0x00000003c0000000, 0x00000003e1f00000, 0x000000066ab00000)
  object space 556032K, 2% used [0x00000003c0000000,0x00000003c0d5f160,0x00000003e1f00000)
 Metaspace       used 57610K, capacity 58667K, committed 59160K, reserved 1101824K
  class space    used 6665K, capacity 7025K, committed 7040K, reserved 1048576K
Event: 12.195 GC heap after
Heap after GC invocations=7 (full 2):
 PSYoungGen      total 425984K, used 43510K [0x000000066ab00000, 0x0000000693700000, 0x00000007c0000000)
  eden space 382464K, 0% used [0x000000066ab00000,0x000000066ab00000,0x0000000682080000)
  from space 43520K, 99% used [0x0000000682080000,0x0000000684afdbc8,0x0000000684b00000)
  to   space 61440K, 0% used [0x000000068fb00000,0x000000068fb00000,0x0000000693700000)
 ParOldGen       total 556032K, used 41364K [0x00000003c0000000, 0x00000003e1f00000, 0x000000066ab00000)
  object space 556032K, 7% used [0x00000003c0000000,0x00000003c2865270,0x00000003e1f00000)
 Metaspace       used 57610K, capacity 58667K, committed 59160K, reserved 1101824K
  class space    used 6665K, capacity 7025K, committed 7040K, reserved 1048576K
}
Event: 12.195 GC heap before
{Heap before GC invocations=8 (full 3):
 PSYoungGen      total 425984K, used 43510K [0x000000066ab00000, 0x0000000693700000, 0x00000007c0000000)
  eden space 382464K, 0% used [0x000000066ab00000,0x000000066ab00000,0x0000000682080000)
  from space 43520K, 99% used [0x0000000682080000,0x0000000684afdbc8,0x0000000684b00000)
  to   space 61440K, 0% used [0x000000068fb00000,0x000000068fb00000,0x0000000693700000)
 ParOldGen       total 556032K, used 41364K [0x00000003c0000000, 0x00000003e1f00000, 0x000000066ab00000)
  object space 556032K, 7% used [0x00000003c0000000,0x00000003c2865270,0x00000003e1f00000)
 Metaspace       used 57610K, capacity 58667K, committed 59160K, reserved 1101824K
  class space    used 6665K, capacity 7025K, committed 7040K, reserved 1048576K
Event: 12.326 GC heap after
Heap after GC invocations=8 (full 3):
 PSYoungGen      total 425984K, used 0K [0x000000066ab00000, 0x0000000693700000, 0x00000007c0000000)
  eden space 382464K, 0% used [0x000000066ab00000,0x000000066ab00000,0x0000000682080000)
  from space 43520K, 0% used [0x0000000682080000,0x0000000682080000,0x0000000684b00000)
  to   space 61440K, 0% used [0x000000068fb00000,0x000000068fb00000,0x0000000693700000)
 ParOldGen       total 803328K, used 51164K [0x00000003c0000000, 0x00000003f1080000, 0x000000066ab00000)
  object space 803328K, 6% used [0x00000003c0000000,0x00000003c31f71a0,0x00000003f1080000)
 Metaspace       used 57610K, capacity 58667K, committed 59160K, reserved 1101824K
  class space    used 6665K, capacity 7025K, committed 7040K, reserved 1048576K
}

