# JRE version: OpenJDK Runtime Environment (8.0_242-b08) (build 1.8.0_242-b08)
# Java VM: OpenJDK 64-Bit Server VM (25.242-b08 mixed mode bsd-amd64 compressed oops)
Heap:
 PSYoungGen      total 411648K, used 264114K [0x000000066ab00000, 0x0000000691780000, 0x00000007c0000000)
  eden space 368128K, 71% used [0x000000066ab00000,0x000000067acec890,0x0000000681280000)
  from space 43520K, 0% used [0x0000000681280000,0x0000000681280000,0x0000000683d00000)
  to   space 61952K, 0% used [0x000000068db00000,0x000000068db00000,0x0000000691780000)
 ParOldGen       total 861184K, used 51399K [0x00000003c0000000, 0x00000003f4900000, 0x000000066ab00000)
  object space 861184K, 5% used [0x00000003c0000000,0x00000003c3231d40,0x00000003f4900000)
 Metaspace       used 75443K, capacity 77267K, committed 77696K, reserved 1116160K
  class space    used 10918K, capacity 11327K, committed 11392K, reserved 1048576K
GC Heap History (10 events):
Event: 2.997 GC heap before
{Heap before GC invocations=4 (full 1):
 PSYoungGen      total 305664K, used 91048K [0x000000066ab00000, 0x0000000690000000, 0x00000007c0000000)
  eden space 262144K, 34% used [0x000000066ab00000,0x00000006703ea110,0x000000067ab00000)
  from space 43520K, 0% used [0x000000067d580000,0x000000067d580000,0x0000000680000000)
  to   space 43520K, 0% used [0x000000067ab00000,0x000000067ab00000,0x000000067d580000)
 ParOldGen       total 382976K, used 5831K [0x00000003c0000000, 0x00000003d7600000, 0x000000066ab00000)
  object space 382976K, 1% used [0x00000003c0000000,0x00000003c05b1c98,0x00000003d7600000)
 Metaspace       used 34414K, capacity 35242K, committed 35496K, reserved 1081344K
  class space    used 4223K, capacity 4551K, committed 4608K, reserved 1048576K
Event: 3.001 GC heap after
Heap after GC invocations=4 (full 1):
 PSYoungGen      total 305664K, used 9120K [0x000000066ab00000, 0x0000000687b00000, 0x00000007c0000000)
  eden space 262144K, 0% used [0x000000066ab00000,0x000000066ab00000,0x000000067ab00000)
  from space 43520K, 20% used [0x000000067ab00000,0x000000067b3e83e8,0x000000067d580000)
  to   space 43520K, 0% used [0x0000000685080000,0x0000000685080000,0x0000000687b00000)
 ParOldGen       total 382976K, used 5839K [0x00000003c0000000, 0x00000003d7600000, 0x000000066ab00000)
  object space 382976K, 1% used [0x00000003c0000000,0x00000003c05b3c98,0x00000003d7600000)
 Metaspace       used 34414K, capacity 35242K, committed 35496K, reserved 1081344K
  class space    used 4223K, capacity 4551K, committed 4608K, reserved 1048576K
}
Event: 3.001 GC heap before
{Heap before GC invocations=5 (full 2):
 PSYoungGen      total 305664K, used 9120K [0x000000066ab00000, 0x0000000687b00000, 0x00000007c0000000)
  eden space 262144K, 0% used [0x000000066ab00000,0x000000066ab00000,0x000000067ab00000)
  from space 43520K, 20% used [0x000000067ab00000,0x000000067b3e83e8,0x000000067d580000)
  to   space 43520K, 0% used [0x0000000685080000,0x0000000685080000,0x0000000687b00000)
 ParOldGen       total 382976K, used 5839K [0x00000003c0000000, 0x00000003d7600000, 0x000000066ab00000)
  object space 382976K, 1% used [0x00000003c0000000,0x00000003c05b3c98,0x00000003d7600000)
 Metaspace       used 34414K, capacity 35242K, committed 35496K, reserved 1081344K
  class space    used 4223K, capacity 4551K, committed 4608K, reserved 1048576K
Event: 3.024 GC heap after
Heap after GC invocations=5 (full 2):
 PSYoungGen      total 305664K, used 0K [0x000000066ab00000, 0x0000000687b00000, 0x00000007c0000000)
  eden space 262144K, 0% used [0x000000066ab00000,0x000000066ab00000,0x000000067ab00000)
  from space 43520K, 0% used [0x000000067ab00000,0x000000067ab00000,0x000000067d580000)
  to   space 43520K, 0% used [0x0000000685080000,0x0000000685080000,0x0000000687b00000)
 ParOldGen       total 593408K, used 13696K [0x00000003c0000000, 0x00000003e4380000, 0x000000066ab00000)
  object space 593408K, 2% used [0x00000003c0000000,0x00000003c0d60000,0x00000003e4380000)
 Metaspace       used 34414K, capacity 35242K, committed 35496K, reserved 1081344K
  class space    used 4223K, capacity 4551K, committed 4608K, reserved 1048576K
}
Event: 9.075 GC heap before
{Heap before GC invocations=6 (full 2):
 PSYoungGen      total 305664K, used 262144K [0x000000066ab00000, 0x0000000687b00000, 0x00000007c0000000)
  eden space 262144K, 100% used [0x000000066ab00000,0x000000067ab00000,0x000000067ab00000)
  from space 43520K, 0% used [0x000000067ab00000,0x000000067ab00000,0x000000067d580000)
  to   space 43520K, 0% used [0x0000000685080000,0x0000000685080000,0x0000000687b00000)
 ParOldGen       total 593408K, used 13696K [0x00000003c0000000, 0x00000003e4380000, 0x000000066ab00000)
  object space 593408K, 2% used [0x00000003c0000000,0x00000003c0d60000,0x00000003e4380000)
 Metaspace       used 42019K, capacity 43037K, committed 43264K, reserved 1087488K
  class space    used 5206K, capacity 5567K, committed 5632K, reserved 1048576K
Event: 9.084 GC heap after
Heap after GC invocations=6 (full 2):
 PSYoungGen      total 391168K, used 23363K [0x000000066ab00000, 0x0000000686780000, 0x00000007c0000000)
  eden space 367616K, 0% used [0x000000066ab00000,0x000000066ab00000,0x0000000681200000)
  from space 23552K, 99% used [0x0000000685080000,0x0000000686750f00,0x0000000686780000)
  to   space 43520K, 0% used [0x0000000681280000,0x0000000681280000,0x0000000683d00000)
 ParOldGen       total 593408K, used 13704K [0x00000003c0000000, 0x00000003e4380000, 0x000000066ab00000)
  object space 593408K, 2% used [0x00000003c0000000,0x00000003c0d62000,0x00000003e4380000)
 Metaspace       used 42019K, capacity 43037K, committed 43264K, reserved 1087488K
  class space    used 5206K, capacity 5567K, committed 5632K, reserved 1048576K
}
Event: 11.903 GC heap before
{Heap before GC invocations=7 (full 2):
 PSYoungGen      total 391168K, used 372197K [0x000000066ab00000, 0x0000000686780000, 0x00000007c0000000)
  eden space 367616K, 94% used [0x000000066ab00000,0x000000067ffa8598,0x0000000681200000)
  from space 23552K, 99% used [0x0000000685080000,0x0000000686750f00,0x0000000686780000)
  to   space 43520K, 0% used [0x0000000681280000,0x0000000681280000,0x0000000683d00000)
 ParOldGen       total 593408K, used 13704K [0x00000003c0000000, 0x00000003e4380000, 0x000000066ab00000)
  object space 593408K, 2% used [0x00000003c0000000,0x00000003c0d62000,0x00000003e4380000)
 Metaspace       used 57647K, capacity 58671K, committed 59160K, reserved 1101824K
  class space    used 6664K, capacity 7025K, committed 7040K, reserved 1048576K
Event: 11.927 GC heap after
Heap after GC invocations=7 (full 2):
 PSYoungGen      total 411648K, used 43493K [0x000000066ab00000, 0x0000000691780000, 0x00000007c0000000)
  eden space 368128K, 0% used [0x000000066ab00000,0x000000066ab00000,0x0000000681280000)
  from space 43520K, 99% used [0x0000000681280000,0x0000000683cf94b0,0x0000000683d00000)
  to   space 61952K, 0% used [0x000000068db00000,0x000000068db00000,0x0000000691780000)
 ParOldGen       total 593408K, used 41566K [0x00000003c0000000, 0x00000003e4380000, 0x000000066ab00000)
  object space 593408K, 7% used [0x00000003c0000000,0x00000003c28979a0,0x00000003e4380000)
 Metaspace       used 57647K, capacity 58671K, committed 59160K, reserved 1101824K
  class space    used 6664K, capacity 7025K, committed 7040K, reserved 1048576K
}
Event: 11.927 GC heap before
{Heap before GC invocations=8 (full 3):
 PSYoungGen      total 411648K, used 43493K [0x000000066ab00000, 0x0000000691780000, 0x00000007c0000000)
  eden space 368128K, 0% used [0x000000066ab00000,0x000000066ab00000,0x0000000681280000)
  from space 43520K, 99% used [0x0000000681280000,0x0000000683cf94b0,0x0000000683d00000)
  to   space 61952K, 0% used [0x000000068db00000,0x000000068db00000,0x0000000691780000)
 ParOldGen       total 593408K, used 41566K [0x00000003c0000000, 0x00000003e4380000, 0x000000066ab00000)
  object space 593408K, 7% used [0x00000003c0000000,0x00000003c28979a0,0x00000003e4380000)
 Metaspace       used 57647K, capacity 58671K, committed 59160K, reserved 1101824K
  class space    used 6664K, capacity 7025K, committed 7040K, reserved 1048576K
Event: 12.060 GC heap after
Heap after GC invocations=8 (full 3):
 PSYoungGen      total 411648K, used 0K [0x000000066ab00000, 0x0000000691780000, 0x00000007c0000000)
  eden space 368128K, 0% used [0x000000066ab00000,0x000000066ab00000,0x0000000681280000)
  from space 43520K, 0% used [0x0000000681280000,0x0000000681280000,0x0000000683d00000)
  to   space 61952K, 0% used [0x000000068db00000,0x000000068db00000,0x0000000691780000)
 ParOldGen       total 861184K, used 51399K [0x00000003c0000000, 0x00000003f4900000, 0x000000066ab00000)
  object space 861184K, 5% used [0x00000003c0000000,0x00000003c3231d40,0x00000003f4900000)
 Metaspace       used 57647K, capacity 58671K, committed 59160K, reserved 1101824K
  class space    used 6664K, capacity 7025K, committed 7040K, reserved 1048576K
}

