# JRE version: OpenJDK Runtime Environment (8.0_242-b08) (build 1.8.0_242-b08)
# Java VM: OpenJDK 64-Bit Server VM (25.242-b08 mixed mode bsd-amd64 compressed oops)
Heap:
 PSYoungGen      total 422912K, used 267743K [0x000000066ab00000, 0x0000000691d80000, 0x00000007c0000000)
  eden space 379392K, 70% used [0x000000066ab00000,0x000000067b077d58,0x0000000681d80000)
  from space 43520K, 0% used [0x0000000681d80000,0x0000000681d80000,0x0000000684800000)
  to   space 61952K, 0% used [0x000000068e100000,0x000000068e100000,0x0000000691d80000)
 ParOldGen       total 831488K, used 51240K [0x00000003c0000000, 0x00000003f2c00000, 0x000000066ab00000)
  object space 831488K, 6% used [0x00000003c0000000,0x00000003c320a170,0x00000003f2c00000)
 Metaspace       used 75425K, capacity 77263K, committed 77696K, reserved 1116160K
  class space    used 10915K, capacity 11327K, committed 11392K, reserved 1048576K
GC Heap History (10 events):
Event: 2.954 GC heap before
{Heap before GC invocations=4 (full 1):
 PSYoungGen      total 305664K, used 87552K [0x000000066ab00000, 0x0000000690000000, 0x00000007c0000000)
  eden space 262144K, 33% used [0x000000066ab00000,0x00000006700801a0,0x000000067ab00000)
  from space 43520K, 0% used [0x000000067d580000,0x000000067d580000,0x0000000680000000)
  to   space 43520K, 0% used [0x000000067ab00000,0x000000067ab00000,0x000000067d580000)
 ParOldGen       total 372224K, used 5834K [0x00000003c0000000, 0x00000003d6b80000, 0x000000066ab00000)
  object space 372224K, 1% used [0x00000003c0000000,0x00000003c05b2b88,0x00000003d6b80000)
 Metaspace       used 34401K, capacity 35238K, committed 35496K, reserved 1081344K
  class space    used 4221K, capacity 4551K, committed 4608K, reserved 1048576K
Event: 2.958 GC heap after
Heap after GC invocations=4 (full 1):
 PSYoungGen      total 305664K, used 9115K [0x000000066ab00000, 0x0000000688600000, 0x00000007c0000000)
  eden space 262144K, 0% used [0x000000066ab00000,0x000000066ab00000,0x000000067ab00000)
  from space 43520K, 20% used [0x000000067ab00000,0x000000067b3e6ca8,0x000000067d580000)
  to   space 43520K, 0% used [0x0000000685b80000,0x0000000685b80000,0x0000000688600000)
 ParOldGen       total 372224K, used 5842K [0x00000003c0000000, 0x00000003d6b80000, 0x000000066ab00000)
  object space 372224K, 1% used [0x00000003c0000000,0x00000003c05b4b88,0x00000003d6b80000)
 Metaspace       used 34401K, capacity 35238K, committed 35496K, reserved 1081344K
  class space    used 4221K, capacity 4551K, committed 4608K, reserved 1048576K
}
Event: 2.958 GC heap before
{Heap before GC invocations=5 (full 2):
 PSYoungGen      total 305664K, used 9115K [0x000000066ab00000, 0x0000000688600000, 0x00000007c0000000)
  eden space 262144K, 0% used [0x000000066ab00000,0x000000066ab00000,0x000000067ab00000)
  from space 43520K, 20% used [0x000000067ab00000,0x000000067b3e6ca8,0x000000067d580000)
  to   space 43520K, 0% used [0x0000000685b80000,0x0000000685b80000,0x0000000688600000)
 ParOldGen       total 372224K, used 5842K [0x00000003c0000000, 0x00000003d6b80000, 0x000000066ab00000)
  object space 372224K, 1% used [0x00000003c0000000,0x00000003c05b4b88,0x00000003d6b80000)
 Metaspace       used 34401K, capacity 35238K, committed 35496K, reserved 1081344K
  class space    used 4221K, capacity 4551K, committed 4608K, reserved 1048576K
Event: 2.982 GC heap after
Heap after GC invocations=5 (full 2):
 PSYoungGen      total 305664K, used 0K [0x000000066ab00000, 0x0000000688600000, 0x00000007c0000000)
  eden space 262144K, 0% used [0x000000066ab00000,0x000000066ab00000,0x000000067ab00000)
  from space 43520K, 0% used [0x000000067ab00000,0x000000067ab00000,0x000000067d580000)
  to   space 43520K, 0% used [0x0000000685b80000,0x0000000685b80000,0x0000000688600000)
 ParOldGen       total 573952K, used 13698K [0x00000003c0000000, 0x00000003e3080000, 0x000000066ab00000)
  object space 573952K, 2% used [0x00000003c0000000,0x00000003c0d60a88,0x00000003e3080000)
 Metaspace       used 34401K, capacity 35238K, committed 35496K, reserved 1081344K
  class space    used 4221K, capacity 4551K, committed 4608K, reserved 1048576K
}
Event: 9.582 GC heap before
{Heap before GC invocations=6 (full 2):
 PSYoungGen      total 305664K, used 262144K [0x000000066ab00000, 0x0000000688600000, 0x00000007c0000000)
  eden space 262144K, 100% used [0x000000066ab00000,0x000000067ab00000,0x000000067ab00000)
  from space 43520K, 0% used [0x000000067ab00000,0x000000067ab00000,0x000000067d580000)
  to   space 43520K, 0% used [0x0000000685b80000,0x0000000685b80000,0x0000000688600000)
 ParOldGen       total 573952K, used 13698K [0x00000003c0000000, 0x00000003e3080000, 0x000000066ab00000)
  object space 573952K, 2% used [0x00000003c0000000,0x00000003c0d60a88,0x00000003e3080000)
 Metaspace       used 42022K, capacity 43033K, committed 43264K, reserved 1087488K
  class space    used 5206K, capacity 5567K, committed 5632K, reserved 1048576K
Event: 9.592 GC heap after
Heap after GC invocations=6 (full 2):
 PSYoungGen      total 393216K, used 23420K [0x000000066ab00000, 0x0000000687280000, 0x00000007c0000000)
  eden space 369664K, 0% used [0x000000066ab00000,0x000000066ab00000,0x0000000681400000)
  from space 23552K, 99% used [0x0000000685b80000,0x000000068725f268,0x0000000687280000)
  to   space 43520K, 0% used [0x0000000681d80000,0x0000000681d80000,0x0000000684800000)
 ParOldGen       total 573952K, used 13706K [0x00000003c0000000, 0x00000003e3080000, 0x000000066ab00000)
  object space 573952K, 2% used [0x00000003c0000000,0x00000003c0d62a88,0x00000003e3080000)
 Metaspace       used 42022K, capacity 43033K, committed 43264K, reserved 1087488K
  class space    used 5206K, capacity 5567K, committed 5632K, reserved 1048576K
}
Event: 12.390 GC heap before
{Heap before GC invocations=7 (full 2):
 PSYoungGen      total 393216K, used 375351K [0x000000066ab00000, 0x0000000687280000, 0x00000007c0000000)
  eden space 369664K, 95% used [0x000000066ab00000,0x00000006802aead8,0x0000000681400000)
  from space 23552K, 99% used [0x0000000685b80000,0x000000068725f268,0x0000000687280000)
  to   space 43520K, 0% used [0x0000000681d80000,0x0000000681d80000,0x0000000684800000)
 ParOldGen       total 573952K, used 13706K [0x00000003c0000000, 0x00000003e3080000, 0x000000066ab00000)
  object space 573952K, 2% used [0x00000003c0000000,0x00000003c0d62a88,0x00000003e3080000)
 Metaspace       used 57630K, capacity 58667K, committed 59160K, reserved 1101824K
  class space    used 6662K, capacity 7025K, committed 7040K, reserved 1048576K
Event: 12.415 GC heap after
Heap after GC invocations=7 (full 2):
 PSYoungGen      total 422912K, used 43505K [0x000000066ab00000, 0x0000000691d80000, 0x00000007c0000000)
  eden space 379392K, 0% used [0x000000066ab00000,0x000000066ab00000,0x0000000681d80000)
  from space 43520K, 99% used [0x0000000681d80000,0x00000006847fc660,0x0000000684800000)
  to   space 61952K, 0% used [0x000000068e100000,0x000000068e100000,0x0000000691d80000)
 ParOldGen       total 573952K, used 41396K [0x00000003c0000000, 0x00000003e3080000, 0x000000066ab00000)
  object space 573952K, 7% used [0x00000003c0000000,0x00000003c286d228,0x00000003e3080000)
 Metaspace       used 57630K, capacity 58667K, committed 59160K, reserved 1101824K
  class space    used 6662K, capacity 7025K, committed 7040K, reserved 1048576K
}
Event: 12.415 GC heap before
{Heap before GC invocations=8 (full 3):
 PSYoungGen      total 422912K, used 43505K [0x000000066ab00000, 0x0000000691d80000, 0x00000007c0000000)
  eden space 379392K, 0% used [0x000000066ab00000,0x000000066ab00000,0x0000000681d80000)
  from space 43520K, 99% used [0x0000000681d80000,0x00000006847fc660,0x0000000684800000)
  to   space 61952K, 0% used [0x000000068e100000,0x000000068e100000,0x0000000691d80000)
 ParOldGen       total 573952K, used 41396K [0x00000003c0000000, 0x00000003e3080000, 0x000000066ab00000)
  object space 573952K, 7% used [0x00000003c0000000,0x00000003c286d228,0x00000003e3080000)
 Metaspace       used 57630K, capacity 58667K, committed 59160K, reserved 1101824K
  class space    used 6662K, capacity 7025K, committed 7040K, reserved 1048576K
Event: 12.550 GC heap after
Heap after GC invocations=8 (full 3):
 PSYoungGen      total 422912K, used 0K [0x000000066ab00000, 0x0000000691d80000, 0x00000007c0000000)
  eden space 379392K, 0% used [0x000000066ab00000,0x000000066ab00000,0x0000000681d80000)
  from space 43520K, 0% used [0x0000000681d80000,0x0000000681d80000,0x0000000684800000)
  to   space 61952K, 0% used [0x000000068e100000,0x000000068e100000,0x0000000691d80000)
 ParOldGen       total 831488K, used 51240K [0x00000003c0000000, 0x00000003f2c00000, 0x000000066ab00000)
  object space 831488K, 6% used [0x00000003c0000000,0x00000003c320a170,0x00000003f2c00000)
 Metaspace       used 57630K, capacity 58667K, committed 59160K, reserved 1101824K
  class space    used 6662K, capacity 7025K, committed 7040K, reserved 1048576K
}

