# JRE version: OpenJDK Runtime Environment (8.0_242-b08) (build 1.8.0_242-b08)
# Java VM: OpenJDK 64-Bit Server VM (25.242-b08 mixed mode bsd-amd64 compressed oops)
Heap:
 PSYoungGen      total 468992K, used 270381K [0x000000066ab00000, 0x0000000692580000, 0x00000007c0000000)
  eden space 425472K, 63% used [0x000000066ab00000,0x000000067b30b598,0x0000000684a80000)
  from space 43520K, 0% used [0x0000000684a80000,0x0000000684a80000,0x0000000687500000)
  to   space 61440K, 0% used [0x000000068e980000,0x000000068e980000,0x0000000692580000)
 ParOldGen       total 756736K, used 51280K [0x00000003c0000000, 0x00000003ee300000, 0x000000066ab00000)
  object space 756736K, 6% used [0x00000003c0000000,0x00000003c3214360,0x00000003ee300000)
 Metaspace       used 75443K, capacity 77263K, committed 77696K, reserved 1116160K
  class space    used 10919K, capacity 11327K, committed 11392K, reserved 1048576K
GC Heap History (10 events):
Event: 5.940 GC heap before
{Heap before GC invocations=4 (full 1):
 PSYoungGen      total 305664K, used 89301K [0x000000066ab00000, 0x0000000690000000, 0x00000007c0000000)
  eden space 262144K, 34% used [0x000000066ab00000,0x00000006702354d8,0x000000067ab00000)
  from space 43520K, 0% used [0x000000067d580000,0x000000067d580000,0x0000000680000000)
  to   space 43520K, 0% used [0x000000067ab00000,0x000000067ab00000,0x000000067d580000)
 ParOldGen       total 332288K, used 6102K [0x00000003c0000000, 0x00000003d4480000, 0x000000066ab00000)
  object space 332288K, 1% used [0x00000003c0000000,0x00000003c05f5888,0x00000003d4480000)
 Metaspace       used 34406K, capacity 35238K, committed 35496K, reserved 1081344K
  class space    used 4222K, capacity 4551K, committed 4608K, reserved 1048576K
Event: 5.944 GC heap after
Heap after GC invocations=4 (full 1):
 PSYoungGen      total 305664K, used 9151K [0x000000066ab00000, 0x000000068b300000, 0x00000007c0000000)
  eden space 262144K, 0% used [0x000000066ab00000,0x000000066ab00000,0x000000067ab00000)
  from space 43520K, 21% used [0x000000067ab00000,0x000000067b3efed0,0x000000067d580000)
  to   space 43520K, 0% used [0x0000000688880000,0x0000000688880000,0x000000068b300000)
 ParOldGen       total 332288K, used 6110K [0x00000003c0000000, 0x00000003d4480000, 0x000000066ab00000)
  object space 332288K, 1% used [0x00000003c0000000,0x00000003c05f7888,0x00000003d4480000)
 Metaspace       used 34406K, capacity 35238K, committed 35496K, reserved 1081344K
  class space    used 4222K, capacity 4551K, committed 4608K, reserved 1048576K
}
Event: 5.944 GC heap before
{Heap before GC invocations=5 (full 2):
 PSYoungGen      total 305664K, used 9151K [0x000000066ab00000, 0x000000068b300000, 0x00000007c0000000)
  eden space 262144K, 0% used [0x000000066ab00000,0x000000066ab00000,0x000000067ab00000)
  from space 43520K, 21% used [0x000000067ab00000,0x000000067b3efed0,0x000000067d580000)
  to   space 43520K, 0% used [0x0000000688880000,0x0000000688880000,0x000000068b300000)
 ParOldGen       total 332288K, used 6110K [0x00000003c0000000, 0x00000003d4480000, 0x000000066ab00000)
  object space 332288K, 1% used [0x00000003c0000000,0x00000003c05f7888,0x00000003d4480000)
 Metaspace       used 34406K, capacity 35238K, committed 35496K, reserved 1081344K
  class space    used 4222K, capacity 4551K, committed 4608K, reserved 1048576K
Event: 5.967 GC heap after
Heap after GC invocations=5 (full 2):
 PSYoungGen      total 305664K, used 0K [0x000000066ab00000, 0x000000068b300000, 0x00000007c0000000)
  eden space 262144K, 0% used [0x000000066ab00000,0x000000066ab00000,0x000000067ab00000)
  from space 43520K, 0% used [0x000000067ab00000,0x000000067ab00000,0x000000067d580000)
  to   space 43520K, 0% used [0x0000000688880000,0x0000000688880000,0x000000068b300000)
 ParOldGen       total 514048K, used 13699K [0x00000003c0000000, 0x00000003df600000, 0x000000066ab00000)
  object space 514048K, 2% used [0x00000003c0000000,0x00000003c0d60c60,0x00000003df600000)
 Metaspace       used 34406K, capacity 35238K, committed 35496K, reserved 1081344K
  class space    used 4222K, capacity 4551K, committed 4608K, reserved 1048576K
}
Event: 11.012 GC heap before
{Heap before GC invocations=6 (full 2):
 PSYoungGen      total 305664K, used 262144K [0x000000066ab00000, 0x000000068b300000, 0x00000007c0000000)
  eden space 262144K, 100% used [0x000000066ab00000,0x000000067ab00000,0x000000067ab00000)
  from space 43520K, 0% used [0x000000067ab00000,0x000000067ab00000,0x000000067d580000)
  to   space 43520K, 0% used [0x0000000688880000,0x0000000688880000,0x000000068b300000)
 ParOldGen       total 514048K, used 13699K [0x00000003c0000000, 0x00000003df600000, 0x000000066ab00000)
  object space 514048K, 2% used [0x00000003c0000000,0x00000003c0d60c60,0x00000003df600000)
 Metaspace       used 42033K, capacity 43033K, committed 43264K, reserved 1087488K
  class space    used 5207K, capacity 5567K, committed 5632K, reserved 1048576K
Event: 11.021 GC heap after
Heap after GC invocations=6 (full 2):
 PSYoungGen      total 394240K, used 23503K [0x000000066ab00000, 0x0000000689f80000, 0x00000007c0000000)
  eden space 370688K, 0% used [0x000000066ab00000,0x000000066ab00000,0x0000000681500000)
  from space 23552K, 99% used [0x0000000688880000,0x0000000689f73f18,0x0000000689f80000)
  to   space 43520K, 0% used [0x0000000684a80000,0x0000000684a80000,0x0000000687500000)
 ParOldGen       total 514048K, used 13707K [0x00000003c0000000, 0x00000003df600000, 0x000000066ab00000)
  object space 514048K, 2% used [0x00000003c0000000,0x00000003c0d62c60,0x00000003df600000)
 Metaspace       used 42033K, capacity 43033K, committed 43264K, reserved 1087488K
  class space    used 5207K, capacity 5567K, committed 5632K, reserved 1048576K
}
Event: 13.868 GC heap before
{Heap before GC invocations=7 (full 2):
 PSYoungGen      total 394240K, used 374385K [0x000000066ab00000, 0x0000000689f80000, 0x00000007c0000000)
  eden space 370688K, 94% used [0x000000066ab00000,0x00000006801a86a8,0x0000000681500000)
  from space 23552K, 99% used [0x0000000688880000,0x0000000689f73f18,0x0000000689f80000)
  to   space 43520K, 0% used [0x0000000684a80000,0x0000000684a80000,0x0000000687500000)
 ParOldGen       total 514048K, used 13707K [0x00000003c0000000, 0x00000003df600000, 0x000000066ab00000)
  object space 514048K, 2% used [0x00000003c0000000,0x00000003c0d62c60,0x00000003df600000)
 Metaspace       used 57637K, capacity 58667K, committed 59160K, reserved 1101824K
  class space    used 6665K, capacity 7025K, committed 7040K, reserved 1048576K
Event: 13.892 GC heap after
Heap after GC invocations=7 (full 2):
 PSYoungGen      total 468992K, used 43497K [0x000000066ab00000, 0x0000000692580000, 0x00000007c0000000)
  eden space 425472K, 0% used [0x000000066ab00000,0x000000066ab00000,0x0000000684a80000)
  from space 43520K, 99% used [0x0000000684a80000,0x00000006874fa568,0x0000000687500000)
  to   space 61440K, 0% used [0x000000068e980000,0x000000068e980000,0x0000000692580000)
 ParOldGen       total 514048K, used 41469K [0x00000003c0000000, 0x00000003df600000, 0x000000066ab00000)
  object space 514048K, 8% used [0x00000003c0000000,0x00000003c287f530,0x00000003df600000)
 Metaspace       used 57637K, capacity 58667K, committed 59160K, reserved 1101824K
  class space    used 6665K, capacity 7025K, committed 7040K, reserved 1048576K
}
Event: 13.892 GC heap before
{Heap before GC invocations=8 (full 3):
 PSYoungGen      total 468992K, used 43497K [0x000000066ab00000, 0x0000000692580000, 0x00000007c0000000)
  eden space 425472K, 0% used [0x000000066ab00000,0x000000066ab00000,0x0000000684a80000)
  from space 43520K, 99% used [0x0000000684a80000,0x00000006874fa568,0x0000000687500000)
  to   space 61440K, 0% used [0x000000068e980000,0x000000068e980000,0x0000000692580000)
 ParOldGen       total 514048K, used 41469K [0x00000003c0000000, 0x00000003df600000, 0x000000066ab00000)
  object space 514048K, 8% used [0x00000003c0000000,0x00000003c287f530,0x00000003df600000)
 Metaspace       used 57637K, capacity 58667K, committed 59160K, reserved 1101824K
  class space    used 6665K, capacity 7025K, committed 7040K, reserved 1048576K
Event: 14.021 GC heap after
Heap after GC invocations=8 (full 3):
 PSYoungGen      total 468992K, used 0K [0x000000066ab00000, 0x0000000692580000, 0x00000007c0000000)
  eden space 425472K, 0% used [0x000000066ab00000,0x000000066ab00000,0x0000000684a80000)
  from space 43520K, 0% used [0x0000000684a80000,0x0000000684a80000,0x0000000687500000)
  to   space 61440K, 0% used [0x000000068e980000,0x000000068e980000,0x0000000692580000)
 ParOldGen       total 756736K, used 51280K [0x00000003c0000000, 0x00000003ee300000, 0x000000066ab00000)
  object space 756736K, 6% used [0x00000003c0000000,0x00000003c3214360,0x00000003ee300000)
 Metaspace       used 57637K, capacity 58667K, committed 59160K, reserved 1101824K
  class space    used 6665K, capacity 7025K, committed 7040K, reserved 1048576K
}

