# JRE version: OpenJDK Runtime Environment (8.0_242-b08) (build 1.8.0_242-b08)
# Java VM: OpenJDK 64-Bit Server VM (25.242-b08 mixed mode bsd-amd64 compressed oops)
Heap:
 PSYoungGen      total 476160K, used 271132K [0x000000066ab00000, 0x0000000693d00000, 0x00000007c0000000)
  eden space 432640K, 62% used [0x000000066ab00000,0x000000067b3c7200,0x0000000685180000)
  from space 43520K, 0% used [0x0000000685180000,0x0000000685180000,0x0000000687c00000)
  to   space 61440K, 0% used [0x0000000690100000,0x0000000690100000,0x0000000693d00000)
 ParOldGen       total 707584K, used 51326K [0x00000003c0000000, 0x00000003eb300000, 0x000000066ab00000)
  object space 707584K, 7% used [0x00000003c0000000,0x00000003c321f930,0x00000003eb300000)
 Metaspace       used 75439K, capacity 77263K, committed 77696K, reserved 1116160K
  class space    used 10919K, capacity 11327K, committed 11392K, reserved 1048576K
GC Heap History (10 events):
Event: 6.284 GC heap before
{Heap before GC invocations=4 (full 1):
 PSYoungGen      total 305664K, used 86679K [0x000000066ab00000, 0x0000000690000000, 0x00000007c0000000)
  eden space 262144K, 33% used [0x000000066ab00000,0x000000066ffa5fc0,0x000000067ab00000)
  from space 43520K, 0% used [0x000000067d580000,0x000000067d580000,0x0000000680000000)
  to   space 43520K, 0% used [0x000000067ab00000,0x000000067ab00000,0x000000067d580000)
 ParOldGen       total 325120K, used 6101K [0x00000003c0000000, 0x00000003d3d80000, 0x000000066ab00000)
  object space 325120K, 1% used [0x00000003c0000000,0x00000003c05f5630,0x00000003d3d80000)
 Metaspace       used 34413K, capacity 35238K, committed 35496K, reserved 1081344K
  class space    used 4223K, capacity 4551K, committed 4608K, reserved 1048576K
Event: 6.288 GC heap after
Heap after GC invocations=4 (full 1):
 PSYoungGen      total 305664K, used 9172K [0x000000066ab00000, 0x000000068ba00000, 0x00000007c0000000)
  eden space 262144K, 0% used [0x000000066ab00000,0x000000066ab00000,0x000000067ab00000)
  from space 43520K, 21% used [0x000000067ab00000,0x000000067b3f5240,0x000000067d580000)
  to   space 43520K, 0% used [0x0000000688f80000,0x0000000688f80000,0x000000068ba00000)
 ParOldGen       total 325120K, used 6109K [0x00000003c0000000, 0x00000003d3d80000, 0x000000066ab00000)
  object space 325120K, 1% used [0x00000003c0000000,0x00000003c05f7630,0x00000003d3d80000)
 Metaspace       used 34413K, capacity 35238K, committed 35496K, reserved 1081344K
  class space    used 4223K, capacity 4551K, committed 4608K, reserved 1048576K
}
Event: 6.288 GC heap before
{Heap before GC invocations=5 (full 2):
 PSYoungGen      total 305664K, used 9172K [0x000000066ab00000, 0x000000068ba00000, 0x00000007c0000000)
  eden space 262144K, 0% used [0x000000066ab00000,0x000000066ab00000,0x000000067ab00000)
  from space 43520K, 21% used [0x000000067ab00000,0x000000067b3f5240,0x000000067d580000)
  to   space 43520K, 0% used [0x0000000688f80000,0x0000000688f80000,0x000000068ba00000)
 ParOldGen       total 325120K, used 6109K [0x00000003c0000000, 0x00000003d3d80000, 0x000000066ab00000)
  object space 325120K, 1% used [0x00000003c0000000,0x00000003c05f7630,0x00000003d3d80000)
 Metaspace       used 34413K, capacity 35238K, committed 35496K, reserved 1081344K
  class space    used 4223K, capacity 4551K, committed 4608K, reserved 1048576K
Event: 6.312 GC heap after
Heap after GC invocations=5 (full 2):
 PSYoungGen      total 305664K, used 0K [0x000000066ab00000, 0x000000068ba00000, 0x00000007c0000000)
  eden space 262144K, 0% used [0x000000066ab00000,0x000000066ab00000,0x000000067ab00000)
  from space 43520K, 0% used [0x000000067ab00000,0x000000067ab00000,0x000000067d580000)
  to   space 43520K, 0% used [0x0000000688f80000,0x0000000688f80000,0x000000068ba00000)
 ParOldGen       total 488448K, used 13693K [0x00000003c0000000, 0x00000003ddd00000, 0x000000066ab00000)
  object space 488448K, 2% used [0x00000003c0000000,0x00000003c0d5f720,0x00000003ddd00000)
 Metaspace       used 34413K, capacity 35238K, committed 35496K, reserved 1081344K
  class space    used 4223K, capacity 4551K, committed 4608K, reserved 1048576K
}
Event: 14.809 GC heap before
{Heap before GC invocations=6 (full 2):
 PSYoungGen      total 305664K, used 262144K [0x000000066ab00000, 0x000000068ba00000, 0x00000007c0000000)
  eden space 262144K, 100% used [0x000000066ab00000,0x000000067ab00000,0x000000067ab00000)
  from space 43520K, 0% used [0x000000067ab00000,0x000000067ab00000,0x000000067d580000)
  to   space 43520K, 0% used [0x0000000688f80000,0x0000000688f80000,0x000000068ba00000)
 ParOldGen       total 488448K, used 13693K [0x00000003c0000000, 0x00000003ddd00000, 0x000000066ab00000)
  object space 488448K, 2% used [0x00000003c0000000,0x00000003c0d5f720,0x00000003ddd00000)
 Metaspace       used 41991K, capacity 43033K, committed 43264K, reserved 1087488K
  class space    used 5204K, capacity 5567K, committed 5632K, reserved 1048576K
Event: 14.818 GC heap after
Heap after GC invocations=6 (full 2):
 PSYoungGen      total 403968K, used 23239K [0x000000066ab00000, 0x000000068a680000, 0x00000007c0000000)
  eden space 380416K, 0% used [0x000000066ab00000,0x000000066ab00000,0x0000000681e80000)
  from space 23552K, 98% used [0x0000000688f80000,0x000000068a631da8,0x000000068a680000)
  to   space 43520K, 0% used [0x0000000685180000,0x0000000685180000,0x0000000687c00000)
 ParOldGen       total 488448K, used 13701K [0x00000003c0000000, 0x00000003ddd00000, 0x000000066ab00000)
  object space 488448K, 2% used [0x00000003c0000000,0x00000003c0d61720,0x00000003ddd00000)
 Metaspace       used 41991K, capacity 43033K, committed 43264K, reserved 1087488K
  class space    used 5204K, capacity 5567K, committed 5632K, reserved 1048576K
}
Event: 18.222 GC heap before
{Heap before GC invocations=7 (full 2):
 PSYoungGen      total 403968K, used 373214K [0x000000066ab00000, 0x000000068a680000, 0x00000007c0000000)
  eden space 380416K, 91% used [0x000000066ab00000,0x00000006800c5c70,0x0000000681e80000)
  from space 23552K, 98% used [0x0000000688f80000,0x000000068a631da8,0x000000068a680000)
  to   space 43520K, 0% used [0x0000000685180000,0x0000000685180000,0x0000000687c00000)
 ParOldGen       total 488448K, used 13701K [0x00000003c0000000, 0x00000003ddd00000, 0x000000066ab00000)
  object space 488448K, 2% used [0x00000003c0000000,0x00000003c0d61720,0x00000003ddd00000)
 Metaspace       used 57638K, capacity 58667K, committed 59160K, reserved 1101824K
  class space    used 6664K, capacity 7025K, committed 7040K, reserved 1048576K
Event: 18.245 GC heap after
Heap after GC invocations=7 (full 2):
 PSYoungGen      total 476160K, used 43499K [0x000000066ab00000, 0x0000000693d00000, 0x00000007c0000000)
  eden space 432640K, 0% used [0x000000066ab00000,0x000000066ab00000,0x0000000685180000)
  from space 43520K, 99% used [0x0000000685180000,0x0000000687bfafe0,0x0000000687c00000)
  to   space 61440K, 0% used [0x0000000690100000,0x0000000690100000,0x0000000693d00000)
 ParOldGen       total 488448K, used 41516K [0x00000003c0000000, 0x00000003ddd00000, 0x000000066ab00000)
  object space 488448K, 8% used [0x00000003c0000000,0x00000003c288b100,0x00000003ddd00000)
 Metaspace       used 57638K, capacity 58667K, committed 59160K, reserved 1101824K
  class space    used 6664K, capacity 7025K, committed 7040K, reserved 1048576K
}
Event: 18.245 GC heap before
{Heap before GC invocations=8 (full 3):
 PSYoungGen      total 476160K, used 43499K [0x000000066ab00000, 0x0000000693d00000, 0x00000007c0000000)
  eden space 432640K, 0% used [0x000000066ab00000,0x000000066ab00000,0x0000000685180000)
  from space 43520K, 99% used [0x0000000685180000,0x0000000687bfafe0,0x0000000687c00000)
  to   space 61440K, 0% used [0x0000000690100000,0x0000000690100000,0x0000000693d00000)
 ParOldGen       total 488448K, used 41516K [0x00000003c0000000, 0x00000003ddd00000, 0x000000066ab00000)
  object space 488448K, 8% used [0x00000003c0000000,0x00000003c288b100,0x00000003ddd00000)
 Metaspace       used 57638K, capacity 58667K, committed 59160K, reserved 1101824K
  class space    used 6664K, capacity 7025K, committed 7040K, reserved 1048576K
Event: 18.373 GC heap after
Heap after GC invocations=8 (full 3):
 PSYoungGen      total 476160K, used 0K [0x000000066ab00000, 0x0000000693d00000, 0x00000007c0000000)
  eden space 432640K, 0% used [0x000000066ab00000,0x000000066ab00000,0x0000000685180000)
  from space 43520K, 0% used [0x0000000685180000,0x0000000685180000,0x0000000687c00000)
  to   space 61440K, 0% used [0x0000000690100000,0x0000000690100000,0x0000000693d00000)
 ParOldGen       total 707584K, used 51326K [0x00000003c0000000, 0x00000003eb300000, 0x000000066ab00000)
  object space 707584K, 7% used [0x00000003c0000000,0x00000003c321f930,0x00000003eb300000)
 Metaspace       used 57638K, capacity 58667K, committed 59160K, reserved 1101824K
  class space    used 6664K, capacity 7025K, committed 7040K, reserved 1048576K
}

