# JRE version: OpenJDK Runtime Environment (8.0_242-b08) (build 1.8.0_242-b08)
# Java VM: OpenJDK 64-Bit Server VM (25.242-b08 mixed mode bsd-amd64 compressed oops)
Heap:
 PSYoungGen      total 399360K, used 261363K [0x000000066ab00000, 0x000000068f900000, 0x00000007c0000000)
  eden space 355840K, 73% used [0x000000066ab00000,0x000000067aa3cfe0,0x0000000680680000)
  from space 43520K, 0% used [0x0000000680680000,0x0000000680680000,0x0000000683100000)
  to   space 61952K, 0% used [0x000000068bc80000,0x000000068bc80000,0x000000068f900000)
 ParOldGen       total 933888K, used 51437K [0x00000003c0000000, 0x00000003f9000000, 0x000000066ab00000)
  object space 933888K, 5% used [0x00000003c0000000,0x00000003c323b548,0x00000003f9000000)
 Metaspace       used 75482K, capacity 77357K, committed 77952K, reserved 1116160K
  class space    used 10934K, capacity 11358K, committed 11392K, reserved 1048576K
GC Heap History (10 events):
Event: 3.038 GC heap before
{Heap before GC invocations=4 (full 1):
 PSYoungGen      total 305664K, used 87895K [0x000000066ab00000, 0x0000000690000000, 0x00000007c0000000)
  eden space 262144K, 33% used [0x000000066ab00000,0x00000006700d5eb8,0x000000067ab00000)
  from space 43520K, 0% used [0x000000067d580000,0x000000067d580000,0x0000000680000000)
  to   space 43520K, 0% used [0x000000067ab00000,0x000000067ab00000,0x000000067d580000)
 ParOldGen       total 396800K, used 5830K [0x00000003c0000000, 0x00000003d8380000, 0x000000066ab00000)
  object space 396800K, 1% used [0x00000003c0000000,0x00000003c05b1980,0x00000003d8380000)
 Metaspace       used 34401K, capacity 35238K, committed 35496K, reserved 1081344K
  class space    used 4220K, capacity 4551K, committed 4608K, reserved 1048576K
Event: 3.041 GC heap after
Heap after GC invocations=4 (full 1):
 PSYoungGen      total 305664K, used 9151K [0x000000066ab00000, 0x0000000686f00000, 0x00000007c0000000)
  eden space 262144K, 0% used [0x000000066ab00000,0x000000066ab00000,0x000000067ab00000)
  from space 43520K, 21% used [0x000000067ab00000,0x000000067b3efeb8,0x000000067d580000)
  to   space 43520K, 0% used [0x0000000684480000,0x0000000684480000,0x0000000686f00000)
 ParOldGen       total 396800K, used 5838K [0x00000003c0000000, 0x00000003d8380000, 0x000000066ab00000)
  object space 396800K, 1% used [0x00000003c0000000,0x00000003c05b3980,0x00000003d8380000)
 Metaspace       used 34401K, capacity 35238K, committed 35496K, reserved 1081344K
  class space    used 4220K, capacity 4551K, committed 4608K, reserved 1048576K
}
Event: 3.041 GC heap before
{Heap before GC invocations=5 (full 2):
 PSYoungGen      total 305664K, used 9151K [0x000000066ab00000, 0x0000000686f00000, 0x00000007c0000000)
  eden space 262144K, 0% used [0x000000066ab00000,0x000000066ab00000,0x000000067ab00000)
  from space 43520K, 21% used [0x000000067ab00000,0x000000067b3efeb8,0x000000067d580000)
  to   space 43520K, 0% used [0x0000000684480000,0x0000000684480000,0x0000000686f00000)
 ParOldGen       total 396800K, used 5838K [0x00000003c0000000, 0x00000003d8380000, 0x000000066ab00000)
  object space 396800K, 1% used [0x00000003c0000000,0x00000003c05b3980,0x00000003d8380000)
 Metaspace       used 34401K, capacity 35238K, committed 35496K, reserved 1081344K
  class space    used 4220K, capacity 4551K, committed 4608K, reserved 1048576K
Event: 3.065 GC heap after
Heap after GC invocations=5 (full 2):
 PSYoungGen      total 305664K, used 0K [0x000000066ab00000, 0x0000000686f00000, 0x00000007c0000000)
  eden space 262144K, 0% used [0x000000066ab00000,0x000000066ab00000,0x000000067ab00000)
  from space 43520K, 0% used [0x000000067ab00000,0x000000067ab00000,0x000000067d580000)
  to   space 43520K, 0% used [0x0000000684480000,0x0000000684480000,0x0000000686f00000)
 ParOldGen       total 634880K, used 13682K [0x00000003c0000000, 0x00000003e6c00000, 0x000000066ab00000)
  object space 634880K, 2% used [0x00000003c0000000,0x00000003c0d5cb68,0x00000003e6c00000)
 Metaspace       used 34401K, capacity 35238K, committed 35496K, reserved 1081344K
  class space    used 4220K, capacity 4551K, committed 4608K, reserved 1048576K
}
Event: 8.533 GC heap before
{Heap before GC invocations=6 (full 2):
 PSYoungGen      total 305664K, used 262144K [0x000000066ab00000, 0x0000000686f00000, 0x00000007c0000000)
  eden space 262144K, 100% used [0x000000066ab00000,0x000000067ab00000,0x000000067ab00000)
  from space 43520K, 0% used [0x000000067ab00000,0x000000067ab00000,0x000000067d580000)
  to   space 43520K, 0% used [0x0000000684480000,0x0000000684480000,0x0000000686f00000)
 ParOldGen       total 634880K, used 13682K [0x00000003c0000000, 0x00000003e6c00000, 0x000000066ab00000)
  object space 634880K, 2% used [0x00000003c0000000,0x00000003c0d5cb68,0x00000003e6c00000)
 Metaspace       used 42032K, capacity 43031K, committed 43264K, reserved 1087488K
  class space    used 5222K, capacity 5566K, committed 5632K, reserved 1048576K
Event: 8.541 GC heap after
Heap after GC invocations=6 (full 2):
 PSYoungGen      total 378880K, used 23389K [0x000000066ab00000, 0x0000000685b80000, 0x00000007c0000000)
  eden space 355328K, 0% used [0x000000066ab00000,0x000000066ab00000,0x0000000680600000)
  from space 23552K, 99% used [0x0000000684480000,0x0000000685b57598,0x0000000685b80000)
  to   space 43520K, 0% used [0x0000000680680000,0x0000000680680000,0x0000000683100000)
 ParOldGen       total 634880K, used 13690K [0x00000003c0000000, 0x00000003e6c00000, 0x000000066ab00000)
  object space 634880K, 2% used [0x00000003c0000000,0x00000003c0d5eb68,0x00000003e6c00000)
 Metaspace       used 42032K, capacity 43031K, committed 43264K, reserved 1087488K
  class space    used 5222K, capacity 5566K, committed 5632K, reserved 1048576K
}
Event: 11.840 GC heap before
{Heap before GC invocations=7 (full 2):
 PSYoungGen      total 378880K, used 378717K [0x000000066ab00000, 0x0000000685b80000, 0x00000007c0000000)
  eden space 355328K, 100% used [0x000000066ab00000,0x0000000680600000,0x0000000680600000)
  from space 23552K, 99% used [0x0000000684480000,0x0000000685b57598,0x0000000685b80000)
  to   space 43520K, 0% used [0x0000000680680000,0x0000000680680000,0x0000000683100000)
 ParOldGen       total 634880K, used 13690K [0x00000003c0000000, 0x00000003e6c00000, 0x000000066ab00000)
  object space 634880K, 2% used [0x00000003c0000000,0x00000003c0d5eb68,0x00000003e6c00000)
 Metaspace       used 57681K, capacity 58729K, committed 59160K, reserved 1101824K
  class space    used 6682K, capacity 7024K, committed 7040K, reserved 1048576K
Event: 11.865 GC heap after
Heap after GC invocations=7 (full 2):
 PSYoungGen      total 399360K, used 43491K [0x000000066ab00000, 0x000000068f900000, 0x00000007c0000000)
  eden space 355840K, 0% used [0x000000066ab00000,0x000000066ab00000,0x0000000680680000)
  from space 43520K, 99% used [0x0000000680680000,0x00000006830f8e20,0x0000000683100000)
  to   space 61952K, 0% used [0x000000068bc80000,0x000000068bc80000,0x000000068f900000)
 ParOldGen       total 634880K, used 41618K [0x00000003c0000000, 0x00000003e6c00000, 0x000000066ab00000)
  object space 634880K, 6% used [0x00000003c0000000,0x00000003c28a4820,0x00000003e6c00000)
 Metaspace       used 57681K, capacity 58729K, committed 59160K, reserved 1101824K
  class space    used 6682K, capacity 7024K, committed 7040K, reserved 1048576K
}
Event: 11.865 GC heap before
{Heap before GC invocations=8 (full 3):
 PSYoungGen      total 399360K, used 43491K [0x000000066ab00000, 0x000000068f900000, 0x00000007c0000000)
  eden space 355840K, 0% used [0x000000066ab00000,0x000000066ab00000,0x0000000680680000)
  from space 43520K, 99% used [0x0000000680680000,0x00000006830f8e20,0x0000000683100000)
  to   space 61952K, 0% used [0x000000068bc80000,0x000000068bc80000,0x000000068f900000)
 ParOldGen       total 634880K, used 41618K [0x00000003c0000000, 0x00000003e6c00000, 0x000000066ab00000)
  object space 634880K, 6% used [0x00000003c0000000,0x00000003c28a4820,0x00000003e6c00000)
 Metaspace       used 57681K, capacity 58729K, committed 59160K, reserved 1101824K
  class space    used 6682K, capacity 7024K, committed 7040K, reserved 1048576K
Event: 11.998 GC heap after
Heap after GC invocations=8 (full 3):
 PSYoungGen      total 399360K, used 0K [0x000000066ab00000, 0x000000068f900000, 0x00000007c0000000)
  eden space 355840K, 0% used [0x000000066ab00000,0x000000066ab00000,0x0000000680680000)
  from space 43520K, 0% used [0x0000000680680000,0x0000000680680000,0x0000000683100000)
  to   space 61952K, 0% used [0x000000068bc80000,0x000000068bc80000,0x000000068f900000)
 ParOldGen       total 933888K, used 51437K [0x00000003c0000000, 0x00000003f9000000, 0x000000066ab00000)
  object space 933888K, 5% used [0x00000003c0000000,0x00000003c323b548,0x00000003f9000000)
 Metaspace       used 57681K, capacity 58729K, committed 59160K, reserved 1101824K
  class space    used 6682K, capacity 7024K, committed 7040K, reserved 1048576K
}

