# JRE version: OpenJDK Runtime Environment (8.0_242-b08) (build 1.8.0_242-b08)
# Java VM: OpenJDK 64-Bit Server VM (25.242-b08 mixed mode bsd-amd64 compressed oops)
Heap:
 PSYoungGen      total 563200K, used 295450K [0x000000066ab00000, 0x0000000693d80000, 0x00000007c0000000)
  eden space 505856K, 48% used [0x000000066ab00000,0x00000006798c5ea8,0x0000000689900000)
  from space 57344K, 90% used [0x000000068db80000,0x0000000690e40ca8,0x0000000691380000)
  to   space 68096K, 0% used [0x0000000689900000,0x0000000689900000,0x000000068db80000)
 ParOldGen       total 815104K, used 307101K [0x00000003c0000000, 0x00000003f1c00000, 0x000000066ab00000)
  object space 815104K, 37% used [0x00000003c0000000,0x00000003d2be7598,0x00000003f1c00000)
 Metaspace       used 76258K, capacity 78183K, committed 78592K, reserved 1116160K
  class space    used 10996K, capacity 11421K, committed 11520K, reserved 1048576K
GC Heap History (10 events):
Event: 3.204 GC heap before
{Heap before GC invocations=5 (full 2):
 PSYoungGen      total 305664K, used 9127K [0x000000066ab00000, 0x0000000688b00000, 0x00000007c0000000)
  eden space 262144K, 0% used [0x000000066ab00000,0x000000066ab00000,0x000000067ab00000)
  from space 43520K, 20% used [0x000000067ab00000,0x000000067b3e9c00,0x000000067d580000)
  to   space 43520K, 0% used [0x0000000686080000,0x0000000686080000,0x0000000688b00000)
 ParOldGen       total 367616K, used 5842K [0x00000003c0000000, 0x00000003d6700000, 0x000000066ab00000)
  object space 367616K, 1% used [0x00000003c0000000,0x00000003c05b4820,0x00000003d6700000)
 Metaspace       used 34461K, capacity 35302K, committed 35416K, reserved 1081344K
  class space    used 4233K, capacity 4551K, committed 4608K, reserved 1048576K
Event: 3.228 GC heap after
Heap after GC invocations=5 (full 2):
 PSYoungGen      total 305664K, used 0K [0x000000066ab00000, 0x0000000688b00000, 0x00000007c0000000)
  eden space 262144K, 0% used [0x000000066ab00000,0x000000066ab00000,0x000000067ab00000)
  from space 43520K, 0% used [0x000000067ab00000,0x000000067ab00000,0x000000067d580000)
  to   space 43520K, 0% used [0x0000000686080000,0x0000000686080000,0x0000000688b00000)
 ParOldGen       total 566784K, used 13683K [0x00000003c0000000, 0x00000003e2980000, 0x000000066ab00000)
  object space 566784K, 2% used [0x00000003c0000000,0x00000003c0d5cc28,0x00000003e2980000)
 Metaspace       used 34461K, capacity 35302K, committed 35416K, reserved 1081344K
  class space    used 4233K, capacity 4551K, committed 4608K, reserved 1048576K
}
Event: 9.195 GC heap before
{Heap before GC invocations=6 (full 2):
 PSYoungGen      total 305664K, used 262144K [0x000000066ab00000, 0x0000000688b00000, 0x00000007c0000000)
  eden space 262144K, 100% used [0x000000066ab00000,0x000000067ab00000,0x000000067ab00000)
  from space 43520K, 0% used [0x000000067ab00000,0x000000067ab00000,0x000000067d580000)
  to   space 43520K, 0% used [0x0000000686080000,0x0000000686080000,0x0000000688b00000)
 ParOldGen       total 566784K, used 13683K [0x00000003c0000000, 0x00000003e2980000, 0x000000066ab00000)
  object space 566784K, 2% used [0x00000003c0000000,0x00000003c0d5cc28,0x00000003e2980000)
 Metaspace       used 41954K, capacity 42967K, committed 43264K, reserved 1087488K
  class space    used 5214K, capacity 5566K, committed 5632K, reserved 1048576K
Event: 9.204 GC heap after
Heap after GC invocations=6 (full 2):
 PSYoungGen      total 393216K, used 23375K [0x000000066ab00000, 0x0000000687780000, 0x00000007c0000000)
  eden space 369664K, 0% used [0x000000066ab00000,0x000000066ab00000,0x0000000681400000)
  from space 23552K, 99% used [0x0000000686080000,0x0000000687753ed8,0x0000000687780000)
  to   space 43520K, 0% used [0x0000000682280000,0x0000000682280000,0x0000000684d00000)
 ParOldGen       total 566784K, used 13691K [0x00000003c0000000, 0x00000003e2980000, 0x000000066ab00000)
  object space 566784K, 2% used [0x00000003c0000000,0x00000003c0d5ec28,0x00000003e2980000)
 Metaspace       used 41954K, capacity 42967K, committed 43264K, reserved 1087488K
  class space    used 5214K, capacity 5566K, committed 5632K, reserved 1048576K
}
Event: 12.331 GC heap before
{Heap before GC invocations=7 (full 2):
 PSYoungGen      total 393216K, used 372902K [0x000000066ab00000, 0x0000000687780000, 0x00000007c0000000)
  eden space 369664K, 94% used [0x000000066ab00000,0x00000006800559d0,0x0000000681400000)
  from space 23552K, 99% used [0x0000000686080000,0x0000000687753ed8,0x0000000687780000)
  to   space 43520K, 0% used [0x0000000682280000,0x0000000682280000,0x0000000684d00000)
 ParOldGen       total 566784K, used 13691K [0x00000003c0000000, 0x00000003e2980000, 0x000000066ab00000)
  object space 566784K, 2% used [0x00000003c0000000,0x00000003c0d5ec28,0x00000003e2980000)
 Metaspace       used 57564K, capacity 58589K, committed 59008K, reserved 1101824K
  class space    used 6676K, capacity 7022K, committed 7040K, reserved 1048576K
Event: 12.354 GC heap after
Heap after GC invocations=7 (full 2):
 PSYoungGen      total 428032K, used 43504K [0x000000066ab00000, 0x0000000691380000, 0x00000007c0000000)
  eden space 384512K, 0% used [0x000000066ab00000,0x000000066ab00000,0x0000000682280000)
  from space 43520K, 99% used [0x0000000682280000,0x0000000684cfc090,0x0000000684d00000)
  to   space 57344K, 0% used [0x000000068db80000,0x000000068db80000,0x0000000691380000)
 ParOldGen       total 566784K, used 35034K [0x00000003c0000000, 0x00000003e2980000, 0x000000066ab00000)
  object space 566784K, 6% used [0x00000003c0000000,0x00000003c22368f0,0x00000003e2980000)
 Metaspace       used 57564K, capacity 58589K, committed 59008K, reserved 1101824K
  class space    used 6676K, capacity 7022K, committed 7040K, reserved 1048576K
}
Event: 12.354 GC heap before
{Heap before GC invocations=8 (full 3):
 PSYoungGen      total 428032K, used 43504K [0x000000066ab00000, 0x0000000691380000, 0x00000007c0000000)
  eden space 384512K, 0% used [0x000000066ab00000,0x000000066ab00000,0x0000000682280000)
  from space 43520K, 99% used [0x0000000682280000,0x0000000684cfc090,0x0000000684d00000)
  to   space 57344K, 0% used [0x000000068db80000,0x000000068db80000,0x0000000691380000)
 ParOldGen       total 566784K, used 35034K [0x00000003c0000000, 0x00000003e2980000, 0x000000066ab00000)
  object space 566784K, 6% used [0x00000003c0000000,0x00000003c22368f0,0x00000003e2980000)
 Metaspace       used 57564K, capacity 58589K, committed 59008K, reserved 1101824K
  class space    used 6676K, capacity 7022K, committed 7040K, reserved 1048576K
Event: 12.485 GC heap after
Heap after GC invocations=8 (full 3):
 PSYoungGen      total 428032K, used 0K [0x000000066ab00000, 0x0000000691380000, 0x00000007c0000000)
  eden space 384512K, 0% used [0x000000066ab00000,0x000000066ab00000,0x0000000682280000)
  from space 43520K, 0% used [0x0000000682280000,0x0000000682280000,0x0000000684d00000)
  to   space 57344K, 0% used [0x000000068db80000,0x000000068db80000,0x0000000691380000)
 ParOldGen       total 815104K, used 44941K [0x00000003c0000000, 0x00000003f1c00000, 0x000000066ab00000)
  object space 815104K, 5% used [0x00000003c0000000,0x00000003c2be3588,0x00000003f1c00000)
 Metaspace       used 57564K, capacity 58589K, committed 59008K, reserved 1101824K
  class space    used 6676K, capacity 7022K, committed 7040K, reserved 1048576K
}
Event: 20.409 GC heap before
{Heap before GC invocations=9 (full 3):
 PSYoungGen      total 428032K, used 384512K [0x000000066ab00000, 0x0000000691380000, 0x00000007c0000000)
  eden space 384512K, 100% used [0x000000066ab00000,0x0000000682280000,0x0000000682280000)
  from space 43520K, 0% used [0x0000000682280000,0x0000000682280000,0x0000000684d00000)
  to   space 57344K, 0% used [0x000000068db80000,0x000000068db80000,0x0000000691380000)
 ParOldGen       total 815104K, used 307085K [0x00000003c0000000, 0x00000003f1c00000, 0x000000066ab00000)
  object space 815104K, 37% used [0x00000003c0000000,0x00000003d2be3598,0x00000003f1c00000)
 Metaspace       used 76088K, capacity 77927K, committed 78336K, reserved 1116160K
  class space    used 10986K, capacity 11421K, committed 11520K, reserved 1048576K
Event: 20.488 GC heap after
Heap after GC invocations=9 (full 3):
 PSYoungGen      total 563200K, used 51971K [0x000000066ab00000, 0x0000000693d80000, 0x00000007c0000000)
  eden space 505856K, 0% used [0x000000066ab00000,0x000000066ab00000,0x0000000689900000)
  from space 57344K, 90% used [0x000000068db80000,0x0000000690e40ca8,0x0000000691380000)
  to   space 68096K, 0% used [0x0000000689900000,0x0000000689900000,0x000000068db80000)
 ParOldGen       total 815104K, used 307101K [0x00000003c0000000, 0x00000003f1c00000, 0x000000066ab00000)
  object space 815104K, 37% used [0x00000003c0000000,0x00000003d2be7598,0x00000003f1c00000)
 Metaspace       used 76088K, capacity 77927K, committed 78336K, reserved 1116160K
  class space    used 10986K, capacity 11421K, committed 11520K, reserved 1048576K
}

